id:15
user_name:EC2AMAZ-JSC8TMR
user_id:127.0.0.1
script:1. Install DBeaver
start_time:1691497399525
command:powershell -file .\conf\runners\scripts\Install_Dbeaver.ps1 ******
output_format:terminal
exit_code:0
>>>>>  OUTPUT STARTED <<<<<

Installing DBeaver for you..
Yap totally full automation
Ohh.. also
Creating for you the profiles and connecions
 starting now..

Chocolatey v2.2.0
Installing the following packages:
dbeaver
By installing, you accept licenses for the packages.
dbeaver v23.1.3 already installed.
 Use --force to reinstall, specify a version to install, or try upgrade.

Chocolatey installed 0/1 packages. 
 See the log for details (C:\ProgramData\chocolatey\logs\chocolatey.log).

Warnings:
 - dbeaver - dbeaver v23.1.3 already installed.
 Use --force to reinstall, specify a version to install, or try upgrade.
DBeaver has been installed.

Path                                          
----                                          
C:\Users\Administrator\Documents\script-server
Expand-Archive : The path '.\assets\DBeaverData.zip' either does not exist or is not a valid file system path.
At C:\Users\Administrator\Documents\script-server\conf\runners\scripts\Install_Dbeaver.ps1:44 char:1
+ Expand-Archive -Path '.\assets\DBeaverData.zip' -DestinationPath $des ...
+ ~~~~~~~~~~~~~~~~~~~~~~~~~~~~~~~~~~~~~~~~~~~~~~~~~~~~~~~~~~~~~~~~~~~~~
    + CategoryInfo          : InvalidArgument: (.\assets\DBeaverData.zip:String) [Expand-Archive], InvalidOperationException
    + FullyQualifiedErrorId : ArchiveCmdletPathNotFound,Expand-Archive
 
Get-Content : Cannot find path 'C:\Users\Administrator\AppData\Roaming\DBeaverData\workspace6\Pontera\.dbeaver\data-sources.json' because it does not exist.
At C:\Users\Administrator\Documents\script-server\conf\runners\scripts\Install_Dbeaver.ps1:54 char:12
+ $content = Get-Content -Path $filePath
+            ~~~~~~~~~~~~~~~~~~~~~~~~~~~
    + CategoryInfo          : ObjectNotFound: (C:\Users\Admini...ta-sources.json:String) [Get-Content], ItemNotFoundException
    + FullyQualifiedErrorId : PathNotFound,Microsoft.PowerShell.Commands.GetContentCommand
 

Dbeaver installation and configuration
has been successfully applied


