id:16
user_name:EC2AMAZ-JSC8TMR
user_id:127.0.0.1
script:1. Install DBeaver
start_time:1691497554310
command:powershell -file .\conf\runners\scripts\Install_Dbeaver.ps1 ******
output_format:terminal
exit_code:0
>>>>>  OUTPUT STARTED <<<<<

Installing DBeaver for you..
Yap totally full automation
Ohh.. also
Creating for you the profiles and connecions
 starting now..

Chocolatey v2.2.0
Installing the following packages:
dbeaver
By installing, you accept licenses for the packages.
dbeaver v23.1.3 already installed.
 Use --force to reinstall, specify a version to install, or try upgrade.

Chocolatey installed 0/1 packages. 
 See the log for details (C:\ProgramData\chocolatey\logs\chocolatey.log).

Warnings:
 - dbeaver - dbeaver v23.1.3 already installed.
 Use --force to reinstall, specify a version to install, or try upgrade.

Enjoy using Chocolatey? Explore more amazing features to take your
experience to the next level at
 https://chocolatey.org/compare
DBeaver has been installed.

Dbeaver installation and configuration
has been successfully applied
