id:20
user_name:EC2AMAZ-JSC8TMR
user_id:127.0.0.1
script:3. GitHub Added SSH Key
start_time:1691498937545
command:powershell -file .\conf\runners\scripts\github-ssh.ps1 ******
output_format:terminal
exit_code:0
>>>>>  OUTPUT STARTED <<<<<
c:\python311\python.exe: can't open file 'C:\\Users\\Administrator\\Documents\\script-server\\test.py': [Errno 2] No such file or directory
Generating public/private rsa key pair.
Your identification has been saved in C:\Users\Administrator\.ssh\id_rsa_20230808124857
Your public key has been saved in C:\Users\Administrator\.ssh\id_rsa_20230808124857.pub
The key fingerprint is:
SHA256:MrJ9PZeARkZLfzUuRnAP4m57zrPxjhyEfoNfGk3nRtE Administrator@EC2AMAZ-JSC8TMR
The key's randomart image is:
+---[RSA 4096]----+
|        o o.+ o  |
|       o + + = ..|
|        + o + o.E|
|       o o + .  .|
|    . o S = . . o|
|     + + + = + + |
|    . . . * X o o|
|       .   X.X . |
|            O+o  |
+----[SHA256]-----+
Public SSH key has been copied to clipboard
