id:30
user_name:EC2AMAZ-JSC8TMR
user_id:127.0.0.1
script:3. GitHub Added SSH Key
start_time:1691500409605
command:powershell -file .\conf\runners\scripts\github-ssh.ps1 ******
output_format:terminal
exit_code:0
>>>>>  OUTPUT STARTED <<<<<
The selected folder is: C:\Users\Administrator\Desktop
Generating public/private rsa key pair.
Your identification has been saved in C:\Users\Administrator\.ssh\id_rsa_20230808131331
Your public key has been saved in C:\Users\Administrator\.ssh\id_rsa_20230808131331.pub
The key fingerprint is:
SHA256:6MuLGMRDpNcEQP8lqFla59OYlYk0BdPg+UztEamNi9E Administrator@EC2AMAZ-JSC8TMR
The key's randomart image is:
+---[RSA 4096]----+
|ooo..*=. ..      |
| o.o+ =.+..      |
|. o=.*.*+o       |
| +* +.@E...      |
| ++  *++S.       |
| . . o..         |
|  .   .          |
|   o o .         |
|  . . +.         |
+----[SHA256]-----+
Public SSH key has been copied to clipboard

Did you paste the ssh key? 
Please type Y to proceed or N to abort
Y
Y
Proceeding...
fatal: destination path 'C:\Users\Administrator\Desktop' already exists and is not an empty directory.
