id:31
user_name:EC2AMAZ-JSC8TMR
user_id:127.0.0.1
script:3. GitHub Added SSH Key
start_time:1691500478380
command:powershell -file .\conf\runners\scripts\github-ssh.ps1 ******
output_format:terminal
exit_code:0
>>>>>  OUTPUT STARTED <<<<<
The selected folder is: C:\Users\Administrator\Desktop
Generating public/private rsa key pair.
Your identification has been saved in C:\Users\Administrator\.ssh\id_rsa_20230808131440
Your public key has been saved in C:\Users\Administrator\.ssh\id_rsa_20230808131440.pub
The key fingerprint is:
SHA256:xoOVZkqlQwR897e8QAnpLVjOYGZX1xK98nGjwgn685c Administrator@EC2AMAZ-JSC8TMR
The key's randomart image is:
+---[RSA 4096]----+
|   ..oo .o. o+   |
|    ..*o*. .. o  |
|     =+X=+ . . . |
|     ..O=.= o o..|
|      o Sooo.+.o.|
|       o ..+o..  |
|        .  ....  |
|         o  .E   |
|          o..    |
+----[SHA256]-----+
Public SSH key has been copied to clipboard

Did you paste the ssh key? 
Please type Y to proceed or N to abort
Y
Y
Proceeding...
Cloning into 'C:\Users\Administrator\Desktop\\github'...
