id:32
user_name:EC2AMAZ-JSC8TMR
user_id:127.0.0.1
script:3. GitHub Added SSH Key
start_time:1691500747762
command:powershell -file .\conf\runners\scripts\github-ssh.ps1 ******
output_format:terminal
exit_code:0
>>>>>  OUTPUT STARTED <<<<<
The selected folder is: C:\Users\Administrator\Documents
Generating public/private rsa key pair.
Your identification has been saved in C:\Users\Administrator\.ssh\id_rsa_20230808131913
Your public key has been saved in C:\Users\Administrator\.ssh\id_rsa_20230808131913.pub
The key fingerprint is:
SHA256:M4FLM02HMmYUFti22Q1LkvShuAi94aVJSdm2PVl+NZU Administrator@EC2AMAZ-JSC8TMR
The key's randomart image is:
+---[RSA 4096]----+
|  .o =*+o..  ... |
| o..+oX*=o  o E  |
|. =.o**%++ . .   |
| + B.o*++.o      |
|  * . ..S.       |
|         o       |
|                 |
|                 |
|                 |
+----[SHA256]-----+
Public SSH key has been copied to clipboard

Did you paste the ssh key? 
Please type Y to proceed or N to abort
Y
Y
Proceeding...
Cloning into 'C:\Users\Administrator\Documents\\github'...
Destination folder already exists. Please choose a different folder.
