id:33
user_name:EC2AMAZ-JSC8TMR
user_id:127.0.0.1
script:3. GitHub Added SSH Key
start_time:1691500769483
command:powershell -file .\conf\runners\scripts\github-ssh.ps1 ******
output_format:terminal
exit_code:0
>>>>>  OUTPUT STARTED <<<<<
The selected folder is: C:\Users\Administrator\Downloads
Generating public/private rsa key pair.
Your identification has been saved in C:\Users\Administrator\.ssh\id_rsa_20230808131933
Your public key has been saved in C:\Users\Administrator\.ssh\id_rsa_20230808131933.pub
The key fingerprint is:
SHA256:jv+xmbT+2j/AoWhBgHQOqTGXFu9upPGQhHTJB6Iv09M Administrator@EC2AMAZ-JSC8TMR
The key's randomart image is:
+---[RSA 4096]----+
|  oo*Bo.         |
| oo+O=. .        |
|. .*..o.         |
| o.o o  .   .    |
|o + E o So o .   |
| o . B oo . o    |
|    . =.. o  .   |
|     . . . B  .  |
|        .oOoo... |
+----[SHA256]-----+
Public SSH key has been copied to clipboard

Did you paste the ssh key? 
Please type Y to proceed or N to abort
Y
Y
Proceeding...
Cloning into 'C:\Users\Administrator\Downloads\\github'...
Destination folder already exists. Please choose a different folder.
