id:21
user_name:EC2AMAZ-JSC8TMR
user_id:127.0.0.1
script:3. GitHub Added SSH Key
start_time:1691499001371
command:powershell -file .\conf\runners\scripts\github-ssh.ps1 ******
output_format:terminal
exit_code:0
>>>>>  OUTPUT STARTED <<<<<
You have selected the folder: 
Generating public/private rsa key pair.
Your identification has been saved in C:\Users\Administrator\.ssh\id_rsa_20230808125016
Your public key has been saved in C:\Users\Administrator\.ssh\id_rsa_20230808125016.pub
The key fingerprint is:
SHA256:Skp+nBovwlUEMAJ0C3/hCHb9GKms1SN/IEpCuGA6+mw Administrator@EC2AMAZ-JSC8TMR
The key's randomart image is:
+---[RSA 4096]----+
|*=o+oo.          |
|++*.++o          |
|=..+o++          |
|=. *.=..         |
|+.+ =.+ S        |
|.o o.= +         |
| + .+ *          |
|  E .=           |
| . ....          |
+----[SHA256]-----+
Public SSH key has been copied to clipboard
